[2022-07-29 19:35:03] [ INFO ] [PruebaUnidad2CaApplication:49] Insertar paciente 1
[2022-07-29 19:35:03] [ INFO ] [PruebaUnidad2CaApplication:63] Insertar paciente 2
[2022-07-29 19:35:03] [ INFO ] [PruebaUnidad2CaApplication:76] Insertar doctor 1
[2022-07-29 19:35:03] [ INFO ] [PruebaUnidad2CaApplication:89] Insertar doctor 2
[2022-07-29 19:42:53] [ DEBUG] [PruebaUnidad2CaApplication:93] Agendar una cita
[2022-07-29 19:44:57] [ DEBUG] [PruebaUnidad2CaApplication:96] Actualizar una cita
[2022-07-29 19:45:31] [ DEBUG] [PruebaUnidad2CaApplication:96] Actualizar una cita
[2022-07-29 19:48:15] [ DEBUG] [PruebaUnidad2CaApplication:50] Insertar paciente 1Paciente [id=null, cedula=145214784, nombre=Ana, apellido=Casas, fechaNacimiento=2000-04-02T00:00, codigoSeguro=123456, estatura=1.72, peso=69.0, genero=F, citasMedicas=null]
[2022-07-29 19:48:15] [ DEBUG] [PruebaUnidad2CaApplication:64] Insertar paciente 2Paciente [id=null, cedula=1474145286, nombre=Jorge, apellido=Enriquez, fechaNacimiento=1972-04-02T00:00, codigoSeguro=654321, estatura=1.8, peso=74.0, genero=M, citasMedicas=null]
[2022-07-29 19:48:15] [ DEBUG] [PruebaUnidad2CaApplication:77] Insertar doctor 1Doctor [id=null, cedula=1235478695, nombre=Manuel, apellido=Villacis, fechaNacimiento=1969-05-04T00:00, numeroConsultorio=3, codigoSenescyt=123545, genero=M, citasMedicas=null]
[2022-07-29 19:48:15] [ DEBUG] [PruebaUnidad2CaApplication:90] Insertar doctor 2Doctor [id=null, cedula=1752417896, nombre=Ulises, apellido=Vaca, fechaNacimiento=1995-02-01T00:00, numeroConsultorio=1, codigoSenescyt=112335, genero=M, citasMedicas=null]
[2022-07-29 19:51:46] [ DEBUG] [PruebaUnidad2CaApplication:100] PacienteSencillo [cedula=1751146786, nombre=Cristian, fechaNacimiento=2000-04-02T00:00, genero=M]
[2022-07-29 19:51:46] [ DEBUG] [PruebaUnidad2CaApplication:100] PacienteSencillo [cedula=1245789865, nombre=David, fechaNacimiento=1972-04-02T00:00, genero=M]
[2022-07-29 19:51:46] [ DEBUG] [PruebaUnidad2CaApplication:100] PacienteSencillo [cedula=1474145286, nombre=Jorge, fechaNacimiento=1972-04-02T00:00, genero=M]
[2022-07-29 19:58:36] [ DEBUG] [PruebaUnidad2CaApplication:52] Insertar paciente 1Paciente [id=null, cedula=12312, nombre=Ana, apellido=Casas, fechaNacimiento=2000-04-02T00:00, codigoSeguro=123456, estatura=1.72, peso=69.0, genero=F, citasMedicas=null]
[2022-07-29 19:58:36] [ DEBUG] [PruebaUnidad2CaApplication:66] Insertar paciente 2Paciente [id=null, cedula=15445, nombre=Jorge, apellido=Enriquez, fechaNacimiento=1972-04-02T00:00, codigoSeguro=654321, estatura=1.8, peso=74.0, genero=M, citasMedicas=null]
[2022-07-29 19:58:36] [ DEBUG] [PruebaUnidad2CaApplication:79] Insertar doctor 1Doctor [id=null, cedula=1221321, nombre=Manuel, apellido=Villacis, fechaNacimiento=1969-05-04T00:00, numeroConsultorio=3, codigoSenescyt=123545, genero=M, citasMedicas=null]
[2022-07-29 19:58:36] [ DEBUG] [PruebaUnidad2CaApplication:92] Insertar doctor 2Doctor [id=null, cedula=1745231, nombre=Ulises, apellido=Vaca, fechaNacimiento=1995-02-01T00:00, numeroConsultorio=1, codigoSenescyt=112335, genero=M, citasMedicas=null]
[2022-07-29 19:58:36] [ DEBUG] [PruebaUnidad2CaApplication:95] Agendar una cita
[2022-07-29 19:58:36] [ DEBUG] [PruebaUnidad2CaApplication:98] Actualizar una cita
[2022-07-29 19:58:36] [ DEBUG] [PruebaUnidad2CaApplication:102] Reporte eficiente
[2022-07-29 19:58:36] [ DEBUG] [PruebaUnidad2CaApplication:105] PacienteSencillo [cedula=1751146786, nombre=Cristian, fechaNacimiento=2000-04-02T00:00, genero=M]
[2022-07-29 19:58:36] [ DEBUG] [PruebaUnidad2CaApplication:105] PacienteSencillo [cedula=1245789865, nombre=David, fechaNacimiento=1972-04-02T00:00, genero=M]
[2022-07-29 19:58:36] [ DEBUG] [PruebaUnidad2CaApplication:105] PacienteSencillo [cedula=1474145286, nombre=Jorge, fechaNacimiento=1972-04-02T00:00, genero=M]
[2022-07-29 19:58:36] [ DEBUG] [PruebaUnidad2CaApplication:105] PacienteSencillo [cedula=15445, nombre=Jorge, fechaNacimiento=1972-04-02T00:00, genero=M]
